<?xml version="1.0" encoding="UTF-8"?>
<!-- Generated by org.testng.reporters.JUnitXMLReporter -->
<testsuite ignored="0" hostname="Acer" failures="0" tests="4" name="Default test" time="13.21" errors="0" timestamp="2024-01-24T18:10:45 IST">
  <testcase classname="TestNGPackage.OrangeHRMTestTest" name="currURLTest" time="0.048"/>
  <testcase classname="TestNGPackage.OrangeHRMTestTest" name="loginTest" time="0.863"/>
  <testcase classname="TestNGPackage.OrangeHRMTestTest" name="logout" time="3.326"/>
  <testcase classname="TestNGPackage.OrangeHRMTestTest" name="titleTest" time="0.01"/>
</testsuite> <!-- Default test -->
