<?xml version="1.0" encoding="UTF-8"?>
<!-- Generated by org.testng.reporters.JUnitXMLReporter -->
<testsuite ignored="0" hostname="Acer" failures="1" tests="4" name="Test" time="0.193" errors="0" timestamp="2024-01-19T21:00:30 IST">
  <testcase classname="newallure.NewTest2" name="testMethod2" time="0.056"/>
  <testcase classname="newallure.NewTest1" name="testMethod1" time="0.005">
    <failure type="java.lang.AssertionError">
      <![CDATA[java.lang.AssertionError: 
at newallure.NewTest1.testMethod1(NewTest1.java:9)
at java.base/java.util.ArrayList.forEach(ArrayList.java:1511)
... Removed 28 stack frames]]>
    </failure>
  </testcase> <!-- testMethod1 -->
  <testcase classname="newallure.NewTest3" name="testMethod3" time="0.004">
    <skipped/>
  </testcase> <!-- testMethod3 -->
  <testcase classname="newallure.NewTest3" name="testMethod4" time="0.005">
    <skipped/>
  </testcase> <!-- testMethod4 -->
</testsuite> <!-- Test -->
