<?xml version="1.0" encoding="UTF-8"?>
<testng-results ignored="0" total="4" passed="4" failed="0" skipped="0">
  <reporter-output>
  </reporter-output>
  <suite started-at="2024-01-24T18:10:31 IST" name="Default suite" finished-at="2024-01-24T18:10:45 IST" duration-ms="13210">
    <groups>
    </groups>
    <test started-at="2024-01-24T18:10:31 IST" name="Default test" finished-at="2024-01-24T18:10:45 IST" duration-ms="13210">
      <class name="TestNGPackage.OrangeHRMTestTest">
        <test-method is-config="true" signature="setup()[pri:0, instance:TestNGPackage.OrangeHRMTestTest@35dab4eb]" started-at="2024-01-24T18:10:32 IST" name="setup" finished-at="2024-01-24T18:10:33 IST" duration-ms="1551" status="PASS">
          <reporter-output>
          </reporter-output>
        </test-method> <!-- setup -->
        <test-method is-config="true" signature="beforeMethod()[pri:0, instance:TestNGPackage.OrangeHRMTestTest@35dab4eb]" started-at="2024-01-24T18:10:33 IST" name="beforeMethod" finished-at="2024-01-24T18:10:37 IST" duration-ms="3651" status="PASS">
          <reporter-output>
          </reporter-output>
        </test-method> <!-- beforeMethod -->
        <test-method signature="currURLTest()[pri:0, instance:TestNGPackage.OrangeHRMTestTest@35dab4eb]" started-at="2024-01-24T18:10:37 IST" name="currURLTest" finished-at="2024-01-24T18:10:37 IST" duration-ms="48" status="PASS">
          <reporter-output>
          </reporter-output>
        </test-method> <!-- currURLTest -->
        <test-method is-config="true" signature="afterMethod()[pri:0, instance:TestNGPackage.OrangeHRMTestTest@35dab4eb]" started-at="2024-01-24T18:10:37 IST" name="afterMethod" finished-at="2024-01-24T18:10:37 IST" duration-ms="2" status="PASS">
          <reporter-output>
          </reporter-output>
        </test-method> <!-- afterMethod -->
        <test-method is-config="true" signature="beforeMethod()[pri:0, instance:TestNGPackage.OrangeHRMTestTest@35dab4eb]" started-at="2024-01-24T18:10:37 IST" name="beforeMethod" finished-at="2024-01-24T18:10:37 IST" duration-ms="458" status="PASS">
          <reporter-output>
          </reporter-output>
        </test-method> <!-- beforeMethod -->
        <test-method signature="loginTest()[pri:0, instance:TestNGPackage.OrangeHRMTestTest@35dab4eb]" started-at="2024-01-24T18:10:37 IST" name="loginTest" finished-at="2024-01-24T18:10:38 IST" duration-ms="863" status="PASS">
          <reporter-output>
          </reporter-output>
        </test-method> <!-- loginTest -->
        <test-method is-config="true" signature="afterMethod()[pri:0, instance:TestNGPackage.OrangeHRMTestTest@35dab4eb]" started-at="2024-01-24T18:10:38 IST" name="afterMethod" finished-at="2024-01-24T18:10:38 IST" duration-ms="1" status="PASS">
          <reporter-output>
          </reporter-output>
        </test-method> <!-- afterMethod -->
        <test-method is-config="true" signature="beforeMethod()[pri:0, instance:TestNGPackage.OrangeHRMTestTest@35dab4eb]" started-at="2024-01-24T18:10:38 IST" name="beforeMethod" finished-at="2024-01-24T18:10:41 IST" duration-ms="2336" status="PASS">
          <reporter-output>
          </reporter-output>
        </test-method> <!-- beforeMethod -->
        <test-method signature="logout()[pri:0, instance:TestNGPackage.OrangeHRMTestTest@35dab4eb]" started-at="2024-01-24T18:10:41 IST" name="logout" finished-at="2024-01-24T18:10:44 IST" duration-ms="3326" status="PASS">
          <reporter-output>
          </reporter-output>
        </test-method> <!-- logout -->
        <test-method is-config="true" signature="afterMethod()[pri:0, instance:TestNGPackage.OrangeHRMTestTest@35dab4eb]" started-at="2024-01-24T18:10:44 IST" name="afterMethod" finished-at="2024-01-24T18:10:44 IST" duration-ms="2" status="PASS">
          <reporter-output>
          </reporter-output>
        </test-method> <!-- afterMethod -->
        <test-method is-config="true" signature="beforeMethod()[pri:0, instance:TestNGPackage.OrangeHRMTestTest@35dab4eb]" started-at="2024-01-24T18:10:44 IST" name="beforeMethod" finished-at="2024-01-24T18:10:44 IST" duration-ms="441" status="PASS">
          <reporter-output>
          </reporter-output>
        </test-method> <!-- beforeMethod -->
        <test-method signature="titleTest()[pri:0, instance:TestNGPackage.OrangeHRMTestTest@35dab4eb]" started-at="2024-01-24T18:10:44 IST" name="titleTest" finished-at="2024-01-24T18:10:44 IST" duration-ms="10" status="PASS">
          <reporter-output>
          </reporter-output>
        </test-method> <!-- titleTest -->
        <test-method is-config="true" signature="afterMethod()[pri:0, instance:TestNGPackage.OrangeHRMTestTest@35dab4eb]" started-at="2024-01-24T18:10:44 IST" name="afterMethod" finished-at="2024-01-24T18:10:44 IST" duration-ms="0" status="PASS">
          <reporter-output>
          </reporter-output>
        </test-method> <!-- afterMethod -->
        <test-method is-config="true" signature="afterClass()[pri:0, instance:TestNGPackage.OrangeHRMTestTest@35dab4eb]" started-at="2024-01-24T18:10:44 IST" name="afterClass" finished-at="2024-01-24T18:10:45 IST" duration-ms="328" status="PASS">
          <reporter-output>
          </reporter-output>
        </test-method> <!-- afterClass -->
      </class> <!-- TestNGPackage.OrangeHRMTestTest -->
    </test> <!-- Default test -->
  </suite> <!-- Default suite -->
</testng-results>
